2019-09-05 20:57:33,568 - INFO: ----主线程启动---- - E:/lettuce/lettuce-Sea-v1/Main.py[line:25]
2019-09-05 20:57:33,616 - INFO: ----开始启动通信模块，消息处理模块监听---- - E:/lettuce/lettuce-Sea-v1/Main.py[line:31]
2019-09-05 20:57:33,638 - INFO: ----开始启动通信模块初始化---- - E:/lettuce/lettuce-Sea-v1/Main.py[line:39]
2019-09-05 20:57:34,658 - INFO: 开始初始化 - E:\lettuce\lettuce-Sea-v1\drive\nb_bc35g\Nb_bc35g.py[line:134]
2019-09-05 20:57:35,816 - INFO: 执行指令 AT+NCDP?
 - E:\lettuce\lettuce-Sea-v1\drive\nb_bc35g\Nb_bc35g.py[line:76]
2019-09-05 20:57:37,386 - INFO: 数据进入 +NCDP:49.4.85.232,5683 - E:\lettuce\lettuce-Sea-v1\drive\nb_bc35g\Nb_bc35g.py[line:48]
2019-09-05 20:57:37,461 - INFO: 数据进入 OK - E:\lettuce\lettuce-Sea-v1\drive\nb_bc35g\Nb_bc35g.py[line:48]
2019-09-05 20:57:38,411 - INFO: 执行指令 AT+NBAND?
 - E:\lettuce\lettuce-Sea-v1\drive\nb_bc35g\Nb_bc35g.py[line:76]
2019-09-05 20:57:39,761 - INFO: 数据进入 +NBAND:5 - E:\lettuce\lettuce-Sea-v1\drive\nb_bc35g\Nb_bc35g.py[line:48]
2019-09-05 20:57:40,106 - INFO: 数据进入 OK - E:\lettuce\lettuce-Sea-v1\drive\nb_bc35g\Nb_bc35g.py[line:48]
2019-09-05 20:57:40,894 - INFO: 执行指令 AT+CEDRXS=0,5
 - E:\lettuce\lettuce-Sea-v1\drive\nb_bc35g\Nb_bc35g.py[line:76]
2019-09-05 20:57:41,124 - INFO: 数据进入 OK - E:\lettuce\lettuce-Sea-v1\drive\nb_bc35g\Nb_bc35g.py[line:48]
2019-09-05 20:57:41,922 - INFO: 执行指令 AT+CPSMS=0
 - E:\lettuce\lettuce-Sea-v1\drive\nb_bc35g\Nb_bc35g.py[line:76]
2019-09-05 20:57:42,457 - INFO: 数据进入 OK - E:\lettuce\lettuce-Sea-v1\drive\nb_bc35g\Nb_bc35g.py[line:48]
2019-09-05 20:57:42,967 - INFO: 执行指令 AT+CFUN=1
 - E:\lettuce\lettuce-Sea-v1\drive\nb_bc35g\Nb_bc35g.py[line:76]
2019-09-05 20:57:45,968 - INFO: 数据进入 OK - E:\lettuce\lettuce-Sea-v1\drive\nb_bc35g\Nb_bc35g.py[line:48]
2019-09-05 20:57:46,123 - INFO: 执行指令 AT+CGATT=1
 - E:\lettuce\lettuce-Sea-v1\drive\nb_bc35g\Nb_bc35g.py[line:76]
2019-09-05 20:57:46,448 - INFO: 数据进入 OK - E:\lettuce\lettuce-Sea-v1\drive\nb_bc35g\Nb_bc35g.py[line:48]
2019-09-05 20:57:51,173 - INFO: 执行指令 AT+CGATT?
 - E:\lettuce\lettuce-Sea-v1\drive\nb_bc35g\Nb_bc35g.py[line:76]
2019-09-05 20:57:52,133 - INFO: 数据进入 +CGATT:0 - E:\lettuce\lettuce-Sea-v1\drive\nb_bc35g\Nb_bc35g.py[line:48]
2019-09-05 20:57:52,333 - INFO: 数据进入 OK - E:\lettuce\lettuce-Sea-v1\drive\nb_bc35g\Nb_bc35g.py[line:48]
2019-09-05 20:57:53,848 - INFO: 数据进入 +QLWEVTIND:0 - E:\lettuce\lettuce-Sea-v1\drive\nb_bc35g\Nb_bc35g.py[line:48]
2019-09-05 20:57:54,268 - INFO: 数据进入 +QLWEVTIND:3 - E:\lettuce\lettuce-Sea-v1\drive\nb_bc35g\Nb_bc35g.py[line:48]
2019-09-05 20:57:54,358 - INFO: 已经与云平台连接成功 - E:\lettuce\lettuce-Sea-v1\Listener_manage.py[line:52]
2019-09-05 20:57:57,218 - INFO: 执行指令 AT+CGATT?
 - E:\lettuce\lettuce-Sea-v1\drive\nb_bc35g\Nb_bc35g.py[line:76]
2019-09-05 20:57:58,118 - INFO: 数据进入 +CGATT:1 - E:\lettuce\lettuce-Sea-v1\drive\nb_bc35g\Nb_bc35g.py[line:48]
2019-09-05 20:57:58,228 - INFO: 初始化成功 - E:\lettuce\lettuce-Sea-v1\drive\nb_bc35g\Nb_bc35g.py[line:152]
2019-09-05 20:57:58,329 - INFO: ----通信模块初始化成功---- - E:/lettuce/lettuce-Sea-v1/Main.py[line:43]
2019-09-05 20:57:58,822 - INFO: 数据进入 OK - E:\lettuce\lettuce-Sea-v1\drive\nb_bc35g\Nb_bc35g.py[line:48]
2019-09-05 21:01:36,182 - INFO: ----主线程启动---- - E:/lettuce/lettuce-Sea-v1/Main.py[line:25]
2019-09-05 21:01:36,232 - INFO: ----开始启动通信模块，消息处理模块监听---- - E:/lettuce/lettuce-Sea-v1/Main.py[line:31]
2019-09-05 21:01:36,260 - INFO: ----开始启动通信模块初始化---- - E:/lettuce/lettuce-Sea-v1/Main.py[line:39]
2019-09-05 21:01:43,100 - INFO: ----主线程启动---- - E:/lettuce/lettuce-Sea-v1/Main.py[line:25]
2019-09-05 21:01:43,248 - INFO: ----开始启动通信模块，消息处理模块监听---- - E:/lettuce/lettuce-Sea-v1/Main.py[line:31]
2019-09-05 21:01:43,271 - INFO: ----开始启动通信模块初始化---- - E:/lettuce/lettuce-Sea-v1/Main.py[line:39]
2019-09-05 21:01:44,312 - INFO: 开始初始化 - E:\lettuce\lettuce-Sea-v1\drive\nb_bc35g\Nb_bc35g.py[line:134]
2019-09-05 21:01:45,460 - INFO: 执行指令 AT+NCDP?
 - E:\lettuce\lettuce-Sea-v1\drive\nb_bc35g\Nb_bc35g.py[line:76]
2019-09-05 21:01:46,185 - INFO: 数据进入 +NCDP:49.4.85.232,5683 - E:\lettuce\lettuce-Sea-v1\drive\nb_bc35g\Nb_bc35g.py[line:48]
2019-09-05 21:01:46,316 - INFO: 数据进入 OK - E:\lettuce\lettuce-Sea-v1\drive\nb_bc35g\Nb_bc35g.py[line:48]
2019-09-05 21:01:47,211 - INFO: 执行指令 AT+NBAND?
 - E:\lettuce\lettuce-Sea-v1\drive\nb_bc35g\Nb_bc35g.py[line:76]
2019-09-05 21:01:47,671 - INFO: 数据进入 +NBAND:5 - E:\lettuce\lettuce-Sea-v1\drive\nb_bc35g\Nb_bc35g.py[line:48]
2019-09-05 21:01:47,866 - INFO: 数据进入 OK - E:\lettuce\lettuce-Sea-v1\drive\nb_bc35g\Nb_bc35g.py[line:48]
2019-09-05 21:01:48,701 - INFO: 执行指令 AT+CEDRXS=0,5
 - E:\lettuce\lettuce-Sea-v1\drive\nb_bc35g\Nb_bc35g.py[line:76]
2019-09-05 21:01:48,931 - INFO: 数据进入 OK - E:\lettuce\lettuce-Sea-v1\drive\nb_bc35g\Nb_bc35g.py[line:48]
2019-09-05 21:01:49,754 - INFO: 执行指令 AT+CPSMS=0
 - E:\lettuce\lettuce-Sea-v1\drive\nb_bc35g\Nb_bc35g.py[line:76]
2019-09-05 21:01:49,874 - INFO: 数据进入 OK - E:\lettuce\lettuce-Sea-v1\drive\nb_bc35g\Nb_bc35g.py[line:48]
2019-09-05 21:01:50,789 - INFO: 执行指令 AT+CFUN=1
 - E:\lettuce\lettuce-Sea-v1\drive\nb_bc35g\Nb_bc35g.py[line:76]
2019-09-05 21:01:50,974 - INFO: 数据进入 OK - E:\lettuce\lettuce-Sea-v1\drive\nb_bc35g\Nb_bc35g.py[line:48]
2019-09-05 21:01:53,819 - INFO: 执行指令 AT+CGATT=1
 - E:\lettuce\lettuce-Sea-v1\drive\nb_bc35g\Nb_bc35g.py[line:76]
2019-09-05 21:01:54,024 - INFO: 数据进入 OK - E:\lettuce\lettuce-Sea-v1\drive\nb_bc35g\Nb_bc35g.py[line:48]
2019-09-05 21:01:58,914 - INFO: 执行指令 AT+CGATT?
 - E:\lettuce\lettuce-Sea-v1\drive\nb_bc35g\Nb_bc35g.py[line:76]
2019-09-05 21:01:59,274 - INFO: 数据进入 +CGATT:1 - E:\lettuce\lettuce-Sea-v1\drive\nb_bc35g\Nb_bc35g.py[line:48]
2019-09-05 21:01:59,324 - INFO: 初始化成功 - E:\lettuce\lettuce-Sea-v1\drive\nb_bc35g\Nb_bc35g.py[line:152]
2019-09-05 21:01:59,350 - INFO: ----通信模块初始化成功---- - E:/lettuce/lettuce-Sea-v1/Main.py[line:43]
2019-09-05 21:01:59,450 - INFO: 数据进入 OK - E:\lettuce\lettuce-Sea-v1\drive\nb_bc35g\Nb_bc35g.py[line:48]
2019-09-05 21:02:55,234 - INFO: ----主线程启动---- - E:/lettuce/lettuce-Sea-v1/Main.py[line:25]
2019-09-05 21:02:55,280 - INFO: ----开始启动通信模块，消息处理模块监听---- - E:/lettuce/lettuce-Sea-v1/Main.py[line:31]
2019-09-05 21:02:55,327 - INFO: ----开始启动通信模块初始化---- - E:/lettuce/lettuce-Sea-v1/Main.py[line:39]
2019-09-05 21:02:56,353 - INFO: 开始初始化 - E:\lettuce\lettuce-Sea-v1\drive\nb_bc35g\Nb_bc35g.py[line:134]
2019-09-05 21:02:57,493 - INFO: 执行指令 AT+NCDP?
 - E:\lettuce\lettuce-Sea-v1\drive\nb_bc35g\Nb_bc35g.py[line:76]
2019-09-05 21:02:58,413 - INFO: 数据进入 +NCDP:49.4.85.232,5683 - E:\lettuce\lettuce-Sea-v1\drive\nb_bc35g\Nb_bc35g.py[line:48]
2019-09-05 21:02:58,718 - INFO: 数据进入 OK - E:\lettuce\lettuce-Sea-v1\drive\nb_bc35g\Nb_bc35g.py[line:48]
2019-09-05 21:02:59,503 - INFO: 执行指令 AT+NBAND?
 - E:\lettuce\lettuce-Sea-v1\drive\nb_bc35g\Nb_bc35g.py[line:76]
2019-09-05 21:03:00,198 - INFO: 数据进入 +NBAND:5 - E:\lettuce\lettuce-Sea-v1\drive\nb_bc35g\Nb_bc35g.py[line:48]
2019-09-05 21:03:00,348 - INFO: 数据进入 OK - E:\lettuce\lettuce-Sea-v1\drive\nb_bc35g\Nb_bc35g.py[line:48]
2019-09-05 21:03:01,238 - INFO: 执行指令 AT+CEDRXS=0,5
 - E:\lettuce\lettuce-Sea-v1\drive\nb_bc35g\Nb_bc35g.py[line:76]
2019-09-05 21:03:01,493 - INFO: 数据进入 OK - E:\lettuce\lettuce-Sea-v1\drive\nb_bc35g\Nb_bc35g.py[line:48]
2019-09-05 21:03:02,348 - INFO: 执行指令 AT+CPSMS=0
 - E:\lettuce\lettuce-Sea-v1\drive\nb_bc35g\Nb_bc35g.py[line:76]
2019-09-05 21:03:02,543 - INFO: 数据进入 OK - E:\lettuce\lettuce-Sea-v1\drive\nb_bc35g\Nb_bc35g.py[line:48]
2019-09-05 21:03:03,443 - INFO: 执行指令 AT+CFUN=1
 - E:\lettuce\lettuce-Sea-v1\drive\nb_bc35g\Nb_bc35g.py[line:76]
2019-09-05 21:03:03,638 - INFO: 数据进入 OK - E:\lettuce\lettuce-Sea-v1\drive\nb_bc35g\Nb_bc35g.py[line:48]
2019-09-05 21:03:06,476 - INFO: 执行指令 AT+CGATT=1
 - E:\lettuce\lettuce-Sea-v1\drive\nb_bc35g\Nb_bc35g.py[line:76]
2019-09-05 21:03:06,806 - INFO: 数据进入 OK - E:\lettuce\lettuce-Sea-v1\drive\nb_bc35g\Nb_bc35g.py[line:48]
2019-09-05 21:03:11,561 - INFO: 执行指令 AT+CGATT?
 - E:\lettuce\lettuce-Sea-v1\drive\nb_bc35g\Nb_bc35g.py[line:76]
2019-09-05 21:03:11,841 - INFO: 数据进入 +CGATT:1 - E:\lettuce\lettuce-Sea-v1\drive\nb_bc35g\Nb_bc35g.py[line:48]
2019-09-05 21:03:11,916 - INFO: 初始化成功 - E:\lettuce\lettuce-Sea-v1\drive\nb_bc35g\Nb_bc35g.py[line:152]
2019-09-05 21:03:11,962 - INFO: ----通信模块初始化成功---- - E:/lettuce/lettuce-Sea-v1/Main.py[line:43]
2019-09-05 21:03:12,120 - INFO: 数据进入 OK - E:\lettuce\lettuce-Sea-v1\drive\nb_bc35g\Nb_bc35g.py[line:48]
2019-09-05 21:04:01,052 - INFO: 执行指令 AT+NMGS=3,000000
 - E:\lettuce\lettuce-Sea-v1\drive\nb_bc35g\Nb_bc35g.py[line:76]
2019-09-05 21:04:01,382 - INFO: 数据进入 OK - E:\lettuce\lettuce-Sea-v1\drive\nb_bc35g\Nb_bc35g.py[line:48]
2019-09-05 21:05:01,082 - INFO: 执行指令 AT+NMGS=3,000000
 - E:\lettuce\lettuce-Sea-v1\drive\nb_bc35g\Nb_bc35g.py[line:76]
2019-09-05 21:05:01,322 - INFO: 数据进入 OK - E:\lettuce\lettuce-Sea-v1\drive\nb_bc35g\Nb_bc35g.py[line:48]
2019-09-05 21:22:52,483 - INFO: ----主线程启动---- - E:/lettuce/lettuce-Sea-v1/Main.py[line:25]
2019-09-05 21:22:52,528 - INFO: ----开始启动通信模块，消息处理模块监听---- - E:/lettuce/lettuce-Sea-v1/Main.py[line:31]
2019-09-05 21:22:52,571 - INFO: ----开始启动通信模块初始化---- - E:/lettuce/lettuce-Sea-v1/Main.py[line:39]
2019-09-05 21:22:53,581 - INFO: 开始初始化 - E:\lettuce\lettuce-Sea-v1\drive\nb_bc35g\Nb_bc35g.py[line:134]
2019-09-05 21:22:54,671 - INFO: 执行指令 AT+NCDP?
 - E:\lettuce\lettuce-Sea-v1\drive\nb_bc35g\Nb_bc35g.py[line:76]
2019-09-05 21:22:55,372 - INFO: 数据进入 +NCDP:49.4.85.232,5683 - E:\lettuce\lettuce-Sea-v1\drive\nb_bc35g\Nb_bc35g.py[line:48]
2019-09-05 21:22:55,382 - INFO: 数据进入 OK - E:\lettuce\lettuce-Sea-v1\drive\nb_bc35g\Nb_bc35g.py[line:48]
2019-09-05 21:22:56,382 - INFO: 执行指令 AT+NBAND?
 - E:\lettuce\lettuce-Sea-v1\drive\nb_bc35g\Nb_bc35g.py[line:76]
2019-09-05 21:22:56,637 - INFO: 数据进入 +NBAND:5 - E:\lettuce\lettuce-Sea-v1\drive\nb_bc35g\Nb_bc35g.py[line:48]
2019-09-05 21:22:56,702 - INFO: 数据进入 OK - E:\lettuce\lettuce-Sea-v1\drive\nb_bc35g\Nb_bc35g.py[line:48]
2019-09-05 21:22:57,697 - INFO: 执行指令 AT+CEDRXS=0,5
 - E:\lettuce\lettuce-Sea-v1\drive\nb_bc35g\Nb_bc35g.py[line:76]
2019-09-05 21:22:57,797 - INFO: 数据进入 OK - E:\lettuce\lettuce-Sea-v1\drive\nb_bc35g\Nb_bc35g.py[line:48]
2019-09-05 21:22:58,727 - INFO: 执行指令 AT+CPSMS=0
 - E:\lettuce\lettuce-Sea-v1\drive\nb_bc35g\Nb_bc35g.py[line:76]
2019-09-05 21:22:58,852 - INFO: 数据进入 OK - E:\lettuce\lettuce-Sea-v1\drive\nb_bc35g\Nb_bc35g.py[line:48]
2019-09-05 21:22:59,742 - INFO: 执行指令 AT+CFUN=1
 - E:\lettuce\lettuce-Sea-v1\drive\nb_bc35g\Nb_bc35g.py[line:76]
2019-09-05 21:23:02,387 - INFO: 数据进入 OK - E:\lettuce\lettuce-Sea-v1\drive\nb_bc35g\Nb_bc35g.py[line:48]
2019-09-05 21:23:02,762 - INFO: 执行指令 AT+CGATT=1
 - E:\lettuce\lettuce-Sea-v1\drive\nb_bc35g\Nb_bc35g.py[line:76]
2019-09-05 21:23:02,857 - INFO: 数据进入 OK - E:\lettuce\lettuce-Sea-v1\drive\nb_bc35g\Nb_bc35g.py[line:48]
2019-09-05 21:23:07,781 - INFO: 执行指令 AT+CGATT?
 - E:\lettuce\lettuce-Sea-v1\drive\nb_bc35g\Nb_bc35g.py[line:76]
2019-09-05 21:23:08,031 - INFO: 数据进入 +CGATT:0 - E:\lettuce\lettuce-Sea-v1\drive\nb_bc35g\Nb_bc35g.py[line:48]
2019-09-05 21:23:08,116 - INFO: 数据进入 OK - E:\lettuce\lettuce-Sea-v1\drive\nb_bc35g\Nb_bc35g.py[line:48]
2019-09-05 21:23:13,067 - INFO: 执行指令 AT+CGATT?
 - E:\lettuce\lettuce-Sea-v1\drive\nb_bc35g\Nb_bc35g.py[line:76]
2019-09-05 21:23:13,317 - INFO: 数据进入 +CGATT:0 - E:\lettuce\lettuce-Sea-v1\drive\nb_bc35g\Nb_bc35g.py[line:48]
2019-09-05 21:23:13,372 - INFO: 数据进入 OK - E:\lettuce\lettuce-Sea-v1\drive\nb_bc35g\Nb_bc35g.py[line:48]
2019-09-05 21:23:15,268 - INFO: 数据进入 +QLWEVTIND:0 - E:\lettuce\lettuce-Sea-v1\drive\nb_bc35g\Nb_bc35g.py[line:48]
2019-09-05 21:23:15,368 - INFO: 数据进入 +QLWEVTIND:3 - E:\lettuce\lettuce-Sea-v1\drive\nb_bc35g\Nb_bc35g.py[line:48]
2019-09-05 21:23:15,377 - INFO: 已经与云平台连接成功 - E:\lettuce\lettuce-Sea-v1\Listener_manage.py[line:52]
2019-09-05 21:23:18,348 - INFO: 执行指令 AT+CGATT?
 - E:\lettuce\lettuce-Sea-v1\drive\nb_bc35g\Nb_bc35g.py[line:76]
2019-09-05 21:23:18,778 - INFO: 数据进入 +CGATT:1 - E:\lettuce\lettuce-Sea-v1\drive\nb_bc35g\Nb_bc35g.py[line:48]
2019-09-05 21:23:18,838 - INFO: 初始化成功 - E:\lettuce\lettuce-Sea-v1\drive\nb_bc35g\Nb_bc35g.py[line:152]
2019-09-05 21:23:18,880 - INFO: ----通信模块初始化成功---- - E:/lettuce/lettuce-Sea-v1/Main.py[line:43]
2019-09-05 21:23:18,905 - INFO: 数据进入 OK - E:\lettuce\lettuce-Sea-v1\drive\nb_bc35g\Nb_bc35g.py[line:48]
2019-09-05 21:23:27,795 - INFO: 数据进入 +NNMI:4,02000101 - E:\lettuce\lettuce-Sea-v1\drive\nb_bc35g\Nb_bc35g.py[line:48]
2019-09-05 21:23:28,885 - INFO: 执行指令 AT+NMGS=5,0300010000
 - E:\lettuce\lettuce-Sea-v1\drive\nb_bc35g\Nb_bc35g.py[line:76]
2019-09-05 21:23:29,090 - INFO: 数据进入 OK - E:\lettuce\lettuce-Sea-v1\drive\nb_bc35g\Nb_bc35g.py[line:48]
2019-09-05 21:24:01,028 - INFO: 执行指令 AT+NMGS=2,0000
 - E:\lettuce\lettuce-Sea-v1\drive\nb_bc35g\Nb_bc35g.py[line:76]
2019-09-05 21:24:01,183 - INFO: 数据进入 OK - E:\lettuce\lettuce-Sea-v1\drive\nb_bc35g\Nb_bc35g.py[line:48]
2019-09-05 21:25:01,093 - INFO: 执行指令 AT+NMGS=2,0000
 - E:\lettuce\lettuce-Sea-v1\drive\nb_bc35g\Nb_bc35g.py[line:76]
2019-09-05 21:25:01,223 - INFO: 数据进入 OK - E:\lettuce\lettuce-Sea-v1\drive\nb_bc35g\Nb_bc35g.py[line:48]
2019-09-05 21:26:01,103 - INFO: 执行指令 AT+NMGS=2,0000
 - E:\lettuce\lettuce-Sea-v1\drive\nb_bc35g\Nb_bc35g.py[line:76]
2019-09-05 21:26:01,233 - INFO: 数据进入 OK - E:\lettuce\lettuce-Sea-v1\drive\nb_bc35g\Nb_bc35g.py[line:48]
2019-09-05 21:27:01,102 - INFO: 执行指令 AT+NMGS=2,0000
 - E:\lettuce\lettuce-Sea-v1\drive\nb_bc35g\Nb_bc35g.py[line:76]
2019-09-05 21:27:01,322 - INFO: 数据进入 OK - E:\lettuce\lettuce-Sea-v1\drive\nb_bc35g\Nb_bc35g.py[line:48]
2019-09-05 21:28:01,066 - INFO: 执行指令 AT+NMGS=2,0000
 - E:\lettuce\lettuce-Sea-v1\drive\nb_bc35g\Nb_bc35g.py[line:76]
2019-09-05 21:28:01,251 - INFO: 数据进入 OK - E:\lettuce\lettuce-Sea-v1\drive\nb_bc35g\Nb_bc35g.py[line:48]
2019-09-05 21:29:01,058 - INFO: 执行指令 AT+NMGS=2,0000
 - E:\lettuce\lettuce-Sea-v1\drive\nb_bc35g\Nb_bc35g.py[line:76]
2019-09-05 21:29:01,173 - INFO: 数据进入 OK - E:\lettuce\lettuce-Sea-v1\drive\nb_bc35g\Nb_bc35g.py[line:48]
2019-09-05 21:30:01,080 - INFO: 执行指令 AT+NMGS=2,0000
 - E:\lettuce\lettuce-Sea-v1\drive\nb_bc35g\Nb_bc35g.py[line:76]
2019-09-05 21:30:01,275 - INFO: 数据进入 OK - E:\lettuce\lettuce-Sea-v1\drive\nb_bc35g\Nb_bc35g.py[line:48]
2019-09-05 21:31:01,088 - INFO: 执行指令 AT+NMGS=2,0000
 - E:\lettuce\lettuce-Sea-v1\drive\nb_bc35g\Nb_bc35g.py[line:76]
2019-09-05 21:31:01,453 - INFO: 数据进入 OK - E:\lettuce\lettuce-Sea-v1\drive\nb_bc35g\Nb_bc35g.py[line:48]
2019-09-05 21:32:01,083 - INFO: 执行指令 AT+NMGS=2,0000
 - E:\lettuce\lettuce-Sea-v1\drive\nb_bc35g\Nb_bc35g.py[line:76]
2019-09-05 21:32:01,293 - INFO: 数据进入 OK - E:\lettuce\lettuce-Sea-v1\drive\nb_bc35g\Nb_bc35g.py[line:48]
2019-09-05 21:33:01,040 - INFO: 执行指令 AT+NMGS=2,0000
 - E:\lettuce\lettuce-Sea-v1\drive\nb_bc35g\Nb_bc35g.py[line:76]
2019-09-05 21:33:01,235 - INFO: 数据进入 OK - E:\lettuce\lettuce-Sea-v1\drive\nb_bc35g\Nb_bc35g.py[line:48]
2019-09-05 21:33:22,347 - INFO: 执行指令 AT+QLWULDATAEX=3,AA34BB,0x0001
 - E:\lettuce\lettuce-Sea-v1\drive\nb_bc35g\Nb_bc35g.py[line:76]
2019-09-05 21:33:22,732 - INFO: 数据进入 OK - E:\lettuce\lettuce-Sea-v1\drive\nb_bc35g\Nb_bc35g.py[line:48]
2019-09-05 21:33:23,827 - INFO: 执行指令 AT+CFUN=0
 - E:\lettuce\lettuce-Sea-v1\drive\nb_bc35g\Nb_bc35g.py[line:76]
2019-09-05 21:33:24,562 - INFO: 数据进入 OK - E:\lettuce\lettuce-Sea-v1\drive\nb_bc35g\Nb_bc35g.py[line:48]
